[2025-03-01 09:41:07] [INFO] [Инициатор: неизвестный] [ID сессии: ] Начато подключение function.php
[2025-03-01 09:41:07] [DEBUG] [Инициатор: неизвестный] [ID сессии: ] Константа LOGOUT_PATH = /back/logout.php
[2025-03-01 09:41:07] [DEBUG] [Инициатор: неизвестный] [ID сессии: ] Константа LOGGER_PATH = /var/log/slm/web/web.log
[2025-03-01 09:41:07] [DEBUG] [Инициатор: неизвестный] [ID сессии: ] Константа CONFIG_PATH = /var/www/html/web/config/config.json
[2025-03-01 09:41:07] [DEBUG] [Инициатор: неизвестный] [ID сессии: ] Константа CONFIG_MENU = /var/www/html/web/config/modules.json
[2025-03-01 09:41:07] [DEBUG] [Инициатор: неизвестный] [ID сессии: ] Константа FORBIDDEN = err/403.html
[2025-03-01 09:41:07] [DEBUG] [Инициатор: неизвестный] [ID сессии: ] Константа NOT_FOUND = err/404.html
[2025-03-01 09:41:07] [DEBUG] [Инициатор: неизвестный] [ID сессии: ] Константа SERVER_ERROR = err/50x.html
[2025-03-01 09:41:07] [INFO] [Инициатор: неизвестный] [ID сессии: ] function.php успешно подключен
[2025-03-01 09:41:07] [INFO] [Инициатор: неизвестный] [ID сессии: ] Попытка запуска сессии.
[2025-03-01 09:41:07] [INFO] [Инициатор: неизвестный] [ID сессии: ] Сессия не активна. Запуск сессии...
[2025-03-01 09:41:07] [INFO] [Инициатор: Тест Админ] [ID сессии: musfecnv7820nt1dpnmv126g2n] Сессия успешно запущена. ID сессии: musfecnv7820nt1dpnmv126g2n
[2025-03-01 09:41:07] [INFO] [Инициатор: Тест Админ] [ID сессии: musfecnv7820nt1dpnmv126g2n] Начало проверки авторизации пользователя.
[2025-03-01 09:41:07] [INFO] [Инициатор: Тест Админ] [ID сессии: musfecnv7820nt1dpnmv126g2n] Пользователь авторизован: username = Тест Админ, session_id = musfecnv7820nt1dpnmv126g2n
[2025-03-01 09:41:07] [INFO] [Инициатор: Тест Админ] [ID сессии: musfecnv7820nt1dpnmv126g2n] Проверка наличия CSRF-токена.
[2025-03-01 09:41:07] [INFO] [Инициатор: Тест Админ] [ID сессии: musfecnv7820nt1dpnmv126g2n] Используется существующий CSRF-токен: 2331a6a465db765d0f6f4bee5b9c1aadcdd4418b6464cf172a326e3b3b7cc167
[2025-03-01 09:41:07] [DEBUG] [Инициатор: Тест Админ] [ID сессии: musfecnv7820nt1dpnmv126g2n] Фрод готов к запуску
[2025-03-01 09:41:07] [INFO] [Инициатор: Тест Админ] [ID сессии: musfecnv7820nt1dpnmv126g2n] Начало выполнения функции FROD.
[2025-03-01 09:41:07] [DEBUG] [Инициатор: Тест Админ] [ID сессии: musfecnv7820nt1dpnmv126g2n] Переменная CONFIG_PATH определена. [URL: /modules/setting/all_accounts.php]
[2025-03-01 09:41:07] [DEBUG] [Инициатор: Тест Админ] [ID сессии: musfecnv7820nt1dpnmv126g2n] Файл config.json найден: /var/www/html/web/config/config.json
[2025-03-01 09:41:07] [DEBUG] [Инициатор: Тест Админ] [ID сессии: musfecnv7820nt1dpnmv126g2n] Чтение файла config.json успешно: /var/www/html/web/config/config.json
[2025-03-01 09:41:07] [DEBUG] [Инициатор: Тест Админ] [ID сессии: musfecnv7820nt1dpnmv126g2n] Декодирование config.json успешно 
[2025-03-01 09:41:07] [INFO] [Инициатор: Тест Админ] [ID сессии: musfecnv7820nt1dpnmv126g2n] FROD включен.
[2025-03-01 09:41:07] [INFO] [Инициатор: Тест Админ] [ID сессии: musfecnv7820nt1dpnmv126g2n] Начало выполнения функции connectToDatabase.
[2025-03-01 09:41:07] [DEBUG] [Инициатор: Тест Админ] [ID сессии: musfecnv7820nt1dpnmv126g2n] Попытка чтения конфигурационного файла: /var/www/html/web/include/../config/config.json
[2025-03-01 09:41:07] [INFO] [Инициатор: Тест Админ] [ID сессии: musfecnv7820nt1dpnmv126g2n] Раздел 'db' успешно извлечен из конфигурации.
[2025-03-01 09:41:07] [INFO] [Инициатор: Тест Админ] [ID сессии: musfecnv7820nt1dpnmv126g2n] Все необходимые параметры подключения присутствуют в конфигурации.
[2025-03-01 09:41:07] [DEBUG] [Инициатор: Тест Админ] [ID сессии: musfecnv7820nt1dpnmv126g2n] Параметры подключения:
[2025-03-01 09:41:07] [DEBUG] [Инициатор: Тест Админ] [ID сессии: musfecnv7820nt1dpnmv126g2n] Хост: 192.168.3.4
[2025-03-01 09:41:07] [DEBUG] [Инициатор: Тест Админ] [ID сессии: musfecnv7820nt1dpnmv126g2n] Порт: 5432
[2025-03-01 09:41:07] [DEBUG] [Инициатор: Тест Админ] [ID сессии: musfecnv7820nt1dpnmv126g2n] Имя базы данных: RLM-PSI
[2025-03-01 09:41:07] [DEBUG] [Инициатор: Тест Админ] [ID сессии: musfecnv7820nt1dpnmv126g2n] Пользователь: RLM_PSI_USER
[2025-03-01 09:41:07] [DEBUG] [Инициатор: Тест Админ] [ID сессии: musfecnv7820nt1dpnmv126g2n] Пароль: указан
[2025-03-01 09:41:07] [DEBUG] [Инициатор: Тест Админ] [ID сессии: musfecnv7820nt1dpnmv126g2n] Строка подключения к базе данных: pgsql:host=192.168.3.4;port=5432;dbname=RLM-PSI;options='--client_encoding=UTF8'
[2025-03-01 09:41:07] [INFO] [Инициатор: Тест Админ] [ID сессии: musfecnv7820nt1dpnmv126g2n] Попытка подключения к базе данных...
[2025-03-01 09:41:07] [INFO] [Инициатор: Тест Админ] [ID сессии: musfecnv7820nt1dpnmv126g2n] Подключение к базе данных успешно установлено.
[2025-03-01 09:41:07] [INFO] [Инициатор: Тест Админ] [ID сессии: musfecnv7820nt1dpnmv126g2n] Атрибуты PDO и настройки PostgreSQL настроены.
[2025-03-01 09:41:07] [INFO] [Инициатор: Тест Админ] [ID сессии: musfecnv7820nt1dpnmv126g2n] Доступ разрешен для администратора. [URL: /modules/setting/all_accounts.php]
[2025-03-01 09:41:07] [INFO] [Инициатор: Тест Админ] [ID сессии: musfecnv7820nt1dpnmv126g2n] Начало выполнения скрипта all_accounts.php.
[2025-03-01 09:41:07] [INFO] [Инициатор: Тест Админ] [ID сессии: musfecnv7820nt1dpnmv126g2n] Используется существующее соединение.
[2025-03-01 09:41:07] [INFO] [Инициатор: Тест Админ] [ID сессии: musfecnv7820nt1dpnmv126g2n] Успешное подключение к базе данных.
[2025-03-01 09:41:07] [DEBUG] [Инициатор: Тест Админ] [ID сессии: musfecnv7820nt1dpnmv126g2n] Выполняется запрос к таблице users: SELECT userlogin, roleid, full_name, active, add_ldap, userid FROM users
[2025-03-01 09:41:07] [INFO] [Инициатор: Тест Админ] [ID сессии: musfecnv7820nt1dpnmv126g2n] Параметр 'error' не передан.
[2025-03-01 09:41:07] [INFO] [Инициатор: Тест Админ] [ID сессии: musfecnv7820nt1dpnmv126g2n] Генерация меню подключена.
[2025-03-01 09:41:07] [INFO] [Инициатор: Тест Админ] [ID сессии: musfecnv7820nt1dpnmv126g2n] Начало создания навбара.
[2025-03-01 09:41:07] [INFO] [Инициатор: Тест Админ] [ID сессии: musfecnv7820nt1dpnmv126g2n] Используется существующее соединение.
[2025-03-01 09:41:07] [INFO] [Инициатор: Тест Админ] [ID сессии: musfecnv7820nt1dpnmv126g2n] Используется существующее соединение.
[2025-03-01 09:41:07] [DEBUG] [Инициатор: Тест Админ] [ID сессии: musfecnv7820nt1dpnmv126g2n] Используемое значение userid: c6305f6c-229d-4fd0-aac6-d6604ea1d393
[2025-03-01 09:41:07] [DEBUG] [Инициатор: Тест Админ] [ID сессии: musfecnv7820nt1dpnmv126g2n] Список разрешенных модулей: 3ad33b50-360f-4c8a-b691-aca388b48a8b, da137713-83fe-4325-868f-14b967dbf17c, 9bc70913-5e7b-4577-8918-cde4756b29a8, 356a5297-1587-4d79-8f81-b3e1c7e21a73, a5366719-a2ec-4cc8-a1a6-f8a0f78e1238
[2025-03-01 09:41:07] [DEBUG] [Инициатор: Тест Админ] [ID сессии: musfecnv7820nt1dpnmv126g2n] Пункт меню 'Задания' пропущен, так как он отключен (active = false).
[2025-03-01 09:41:07] [DEBUG] [Инициатор: Тест Админ] [ID сессии: musfecnv7820nt1dpnmv126g2n] Пункт меню 'Оборудование' пропущен, так как он отключен (active = false).
[2025-03-01 09:41:07] [DEBUG] [Инициатор: Тест Админ] [ID сессии: musfecnv7820nt1dpnmv126g2n] Пункт меню 'Поддержка' пропущен, так как он отключен (active = false).
[2025-03-01 09:41:07] [DEBUG] [Инициатор: Тест Админ] [ID сессии: musfecnv7820nt1dpnmv126g2n] Вложенный пункт меню 'Добавить пользователя' пропущен, так как у пользователя нет прав на guid: ada7e553-6d5f-4444-8eec-29e008139ecd
[2025-03-01 09:41:07] [DEBUG] [Инициатор: Тест Админ] [ID сессии: musfecnv7820nt1dpnmv126g2n] Вложенный пункт меню 'Просмотреть/Назначить роли' пропущен, так как у пользователя нет прав на guid: aeef82b7-5083-480e-a59e-507a083a16be
[2025-03-01 09:41:07] [DEBUG] [Инициатор: Тест Админ] [ID сессии: musfecnv7820nt1dpnmv126g2n] Вложенный пункт меню 'Модули' пропущен, так как он отключен (active = false).
[2025-03-01 09:41:07] [INFO] [Инициатор: Тест Админ] [ID сессии: musfecnv7820nt1dpnmv126g2n] Навбар успешно создан.
[2025-03-01 09:41:07] [INFO] [Инициатор: Тест Админ] [ID сессии: musfecnv7820nt1dpnmv126g2n] === НАЧАЛО ФОРМИРОВАНИЯ ТАБЛИЦЫ ПОЛЬЗОВАТЕЛЕЙ ===
[2025-03-01 09:41:07] [INFO] [Инициатор: Тест Админ] [ID сессии: musfecnv7820nt1dpnmv126g2n] === ЗАВЕРШЕНИЕ ФОРМИРОВАНИЯ ТАБЛИЦЫ ПОЛЬЗОВАТЕЛЕЙ ===
[2025-03-01 09:41:07] [DEBUG] [Инициатор: Тест Админ] [ID сессии: musfecnv7820nt1dpnmv126g2n] Общее количество обработанных пользователей: 0
[2025-03-01 09:41:07] [INFO] [Инициатор: Тест Админ] [ID сессии: musfecnv7820nt1dpnmv126g2n] Используется существующее соединение.
[2025-03-01 09:41:07] [INFO] [Инициатор: Тест Админ] [ID сессии: musfecnv7820nt1dpnmv126g2n] Начало загрузки футера.
[2025-03-01 09:41:07] [INFO] [Инициатор: Тест Админ] [ID сессии: musfecnv7820nt1dpnmv126g2n] Путь к конфигурации: /var/www/html/web/config/config.json
[2025-03-01 09:41:07] [INFO] [Инициатор: Тест Админ] [ID сессии: musfecnv7820nt1dpnmv126g2n] Файл конфигурации найден: /var/www/html/web/config/config.json
[2025-03-01 09:41:07] [INFO] [Инициатор: Тест Админ] [ID сессии: musfecnv7820nt1dpnmv126g2n] Текущая версия загружена: 0.4.2
[2025-03-01 09:41:07] [INFO] [Инициатор: Тест Админ] [ID сессии: musfecnv7820nt1dpnmv126g2n] Загрузка футера завершена. Текущая версия: 0.4.2
